0 info it worked if it ends with ok
1 verbose cli [ 'C:\\Program Files\\nodejs\\node.exe',
1 verbose cli   'C:\\Users\\BNB\\AppData\\Roaming\\npm\\node_modules\\npm\\bin\\npm-cli.js',
1 verbose cli   'start' ]
2 info using npm@4.0.3
3 info using node@v4.2.5
4 verbose run-script [ 'prestart', 'start', 'poststart' ]
5 info lifecycle Invoice2Pay@0.0.0~prestart: Invoice2Pay@0.0.0
6 silly lifecycle Invoice2Pay@0.0.0~prestart: no script for prestart, continuing
7 info lifecycle Invoice2Pay@0.0.0~start: Invoice2Pay@0.0.0
8 verbose lifecycle Invoice2Pay@0.0.0~start: unsafe-perm in lifecycle true
9 verbose lifecycle Invoice2Pay@0.0.0~start: PATH: C:\Users\BNB\AppData\Roaming\npm\node_modules\npm\bin\node-gyp-bin;C:\heroku\invoice2pay\node_modules\.bin;C:\Users\BNB\AppData\Roaming\npm;C:\Program Files\nodejs\;C:\ProgramData\Oracle\Java\javapath;C:\Program Files (x86)\Intel\iCLS Client\;C:\Program Files\Intel\iCLS Client\;C:\windows\system32;C:\windows;C:\windows\System32\Wbem;C:\windows\System32\WindowsPowerShell\v1.0\;C:\Program Files\Intel\Intel(R) Management Engine Components\DAL;C:\Program Files (x86)\Intel\Intel(R) Management Engine Components\DAL;C:\Program Files\Intel\Intel(R) Management Engine Components\IPT;C:\Program Files (x86)\Intel\Intel(R) Management Engine Components\IPT;C:\Program Files\nodejs\;C:\Program Files\Microsoft\Web Platform Installer\;C:\Program Files\Git\cmd;C:\Program Files (x86)\Heroku\bin;C:\Program Files (x86)\git\cmd;C:\Program Files (x86)\Git\cmd;C:\Program Files (x86)\Brackets\command;C:\Program Files (x86)\Skype\Phone\;C:\Program Files (x86)\Cracklock\Bin;C:\Users\BNB\AppData\Roaming\npm;C:\Program Files\MongoDB\Server\3.2\bin;C:\Ruby200-x64\bin;C:\program files\git;C:\program files\git\bin;c:\"Program Files (x86)"\heroku\bin;;C:\Program Files\Docker Toolbox
10 verbose lifecycle Invoice2Pay@0.0.0~start: CWD: C:\heroku\invoice2pay
11 silly lifecycle Invoice2Pay@0.0.0~start: Args: [ '/d /s /c', 'nodejs ./bin/www' ]
12 silly lifecycle Invoice2Pay@0.0.0~start: Returned: code: 1  signal: null
13 info lifecycle Invoice2Pay@0.0.0~start: Failed to exec start script
14 verbose stack Error: Invoice2Pay@0.0.0 start: `nodejs ./bin/www`
14 verbose stack Exit status 1
14 verbose stack     at EventEmitter.<anonymous> (C:\Users\BNB\AppData\Roaming\npm\node_modules\npm\lib\utils\lifecycle.js:279:16)
14 verbose stack     at emitTwo (events.js:87:13)
14 verbose stack     at EventEmitter.emit (events.js:172:7)
14 verbose stack     at ChildProcess.<anonymous> (C:\Users\BNB\AppData\Roaming\npm\node_modules\npm\lib\utils\spawn.js:40:14)
14 verbose stack     at emitTwo (events.js:87:13)
14 verbose stack     at ChildProcess.emit (events.js:172:7)
14 verbose stack     at maybeClose (internal/child_process.js:821:16)
14 verbose stack     at Process.ChildProcess._handle.onexit (internal/child_process.js:211:5)
15 verbose pkgid Invoice2Pay@0.0.0
16 verbose cwd C:\heroku\invoice2pay
17 error Windows_NT 6.3.9600
18 error argv "C:\\Program Files\\nodejs\\node.exe" "C:\\Users\\BNB\\AppData\\Roaming\\npm\\node_modules\\npm\\bin\\npm-cli.js" "start"
19 error node v4.2.5
20 error npm  v4.0.3
21 error code ELIFECYCLE
22 error Invoice2Pay@0.0.0 start: `nodejs ./bin/www`
22 error Exit status 1
23 error Failed at the Invoice2Pay@0.0.0 start script 'nodejs ./bin/www'.
23 error Make sure you have the latest version of node.js and npm installed.
23 error If you do, this is most likely a problem with the Invoice2Pay package,
23 error not with npm itself.
23 error Tell the author that this fails on your system:
23 error     nodejs ./bin/www
23 error You can get information on how to open an issue for this project with:
23 error     npm bugs Invoice2Pay
23 error Or if that isn't available, you can get their info via:
23 error     npm owner ls Invoice2Pay
23 error There is likely additional logging output above.
24 verbose exit [ 1, true ]
